// 同步 ID: 1828774a @ Sat Jul  4 08:43:58 UTC 2026
// 重构日志: b67be6c9
// 重构日志: 8ebe09c8
// 重构日志: 6e2ff7ef
// 重构日志: 2c2ccff0
// 同步 ID: c0462dd0 @ Wed Jul  8 21:39:53 UTC 2026
// 重构日志: f83b5507
// 同步 ID: 99547999 @ Fri Jul 10 18:08:39 UTC 2026
// 同步 ID: 8b693e0c @ Sat Jul 11 07:22:46 UTC 2026
// 同步 ID: d74c0fd0 @ Mon Jul 13 22:16:34 UTC 2026
// 同步 ID: 9e039518 @ Wed Jul 15 08:05:09 UTC 2026
// 重构日志: 67743e11
// 重构日志: 0c034201
// 重构日志: ef061d6f
// 同步 ID: c4e3515e @ Tue Jul 21 08:07:36 UTC 2026
// 同步 ID: 180af7f7 @ Wed Jul 22 15:44:38 UTC 2026
// 同步 ID: 78ff2441 @ Thu Jul 23 00:03:07 UTC 2026
// 同步 ID: f8c065d9 @ Thu Jul 23 10:34:51 UTC 2026
// 重构日志: 47605469
// 重构日志: 347c4839
